nohup: ignoring input
reading rating file ...
splitting dataset ...
reading KG file ...
constructing knowledge graph ...
constructing ripple set ...
epoch 0    train auc: 0.8837  acc: 0.8020    eval auc: 0.8796  acc: 0.7995    test auc: 0.8787  acc: 0.7974
epoch 1    train auc: 0.8875  acc: 0.8044    eval auc: 0.8834  acc: 0.8023    test auc: 0.8816  acc: 0.7995
epoch 2    train auc: 0.8905  acc: 0.8081    eval auc: 0.8855  acc: 0.8048    test auc: 0.8836  acc: 0.8032
epoch 3    train auc: 0.8920  acc: 0.8091    eval auc: 0.8862  acc: 0.8044    test auc: 0.8837  acc: 0.8024
epoch 4    train auc: 0.8938  acc: 0.8122    eval auc: 0.8859  acc: 0.8051    test auc: 0.8838  acc: 0.8037
epoch 5    train auc: 0.8957  acc: 0.8140    eval auc: 0.8859  acc: 0.8058    test auc: 0.8838  acc: 0.8031
epoch 6    train auc: 0.8986  acc: 0.8174    eval auc: 0.8857  acc: 0.8057    test auc: 0.8842  acc: 0.8042
epoch 7    train auc: 0.9020  acc: 0.8209    eval auc: 0.8863  acc: 0.8058    test auc: 0.8848  acc: 0.8049
epoch 8    train auc: 0.9054  acc: 0.8250    eval auc: 0.8856  acc: 0.8066    test auc: 0.8834  acc: 0.8038
epoch 9    train auc: 0.9083  acc: 0.8283    eval auc: 0.8859  acc: 0.8077    test auc: 0.8830  acc: 0.8054
reading rating file ...
splitting dataset ...
reading KG file ...
constructing knowledge graph ...
constructing ripple set ...
epoch 0    train auc: 0.8851  acc: 0.8035    eval auc: 0.8813  acc: 0.8009    test auc: 0.8802  acc: 0.7998
epoch 1    train auc: 0.8883  acc: 0.8057    eval auc: 0.8851  acc: 0.8034    test auc: 0.8832  acc: 0.8019
epoch 2    train auc: 0.8905  acc: 0.8079    eval auc: 0.8860  acc: 0.8053    test auc: 0.8843  acc: 0.8029
epoch 3    train auc: 0.8921  acc: 0.8099    eval auc: 0.8864  acc: 0.8047    test auc: 0.8843  acc: 0.8027
epoch 4    train auc: 0.8936  acc: 0.8115    eval auc: 0.8866  acc: 0.8056    test auc: 0.8846  acc: 0.8040
epoch 5    train auc: 0.8960  acc: 0.8143    eval auc: 0.8860  acc: 0.8051    test auc: 0.8845  acc: 0.8040
epoch 6    train auc: 0.9002  acc: 0.8196    eval auc: 0.8866  acc: 0.8073    test auc: 0.8854  acc: 0.8052
epoch 7    train auc: 0.9032  acc: 0.8229    eval auc: 0.8877  acc: 0.8081    test auc: 0.8863  acc: 0.8065
epoch 8    train auc: 0.9054  acc: 0.8261    eval auc: 0.8860  acc: 0.8070    test auc: 0.8847  acc: 0.8059
epoch 9    train auc: 0.9084  acc: 0.8299    eval auc: 0.8893  acc: 0.8099    test auc: 0.8879  acc: 0.8083
reading rating file ...
splitting dataset ...
reading KG file ...
constructing knowledge graph ...
constructing ripple set ...
epoch 0    train auc: 0.8861  acc: 0.8052    eval auc: 0.8830  acc: 0.8032    test auc: 0.8817  acc: 0.8007
epoch 1    train auc: 0.8897  acc: 0.8067    eval auc: 0.8864  acc: 0.8044    test auc: 0.8847  acc: 0.8031
epoch 2    train auc: 0.8926  acc: 0.8105    eval auc: 0.8880  acc: 0.8069    test auc: 0.8863  acc: 0.8051
epoch 3    train auc: 0.8956  acc: 0.8136    eval auc: 0.8890  acc: 0.8077    test auc: 0.8868  acc: 0.8055
epoch 4    train auc: 0.9032  acc: 0.8235    eval auc: 0.8932  acc: 0.8140    test auc: 0.8910  acc: 0.8117
epoch 5    train auc: 0.9089  acc: 0.8309    eval auc: 0.8956  acc: 0.8175    test auc: 0.8945  acc: 0.8170
epoch 6    train auc: 0.9144  acc: 0.8369    eval auc: 0.8971  acc: 0.8195    test auc: 0.8962  acc: 0.8193
epoch 7    train auc: 0.9195  acc: 0.8427    eval auc: 0.8986  acc: 0.8216    test auc: 0.8983  acc: 0.8207
epoch 8    train auc: 0.9242  acc: 0.8482    eval auc: 0.8990  acc: 0.8218    test auc: 0.8991  acc: 0.8223
epoch 9    train auc: 0.9290  acc: 0.8538    eval auc: 0.9019  acc: 0.8245    test auc: 0.9020  acc: 0.8248
reading rating file ...
splitting dataset ...
reading KG file ...
constructing knowledge graph ...
constructing ripple set ...
epoch 0    train auc: 0.8877  acc: 0.8060    eval auc: 0.8846  acc: 0.8029    test auc: 0.8832  acc: 0.8016
epoch 1    train auc: 0.8930  acc: 0.8103    eval auc: 0.8869  acc: 0.8049    test auc: 0.8853  acc: 0.8048
epoch 2    train auc: 0.8970  acc: 0.8163    eval auc: 0.8885  acc: 0.8077    test auc: 0.8866  acc: 0.8055
epoch 3    train auc: 0.9099  acc: 0.8323    eval auc: 0.8963  acc: 0.8175    test auc: 0.8950  acc: 0.8155
epoch 4    train auc: 0.9180  acc: 0.8409    eval auc: 0.8994  acc: 0.8214    test auc: 0.8976  acc: 0.8200
epoch 5    train auc: 0.9252  acc: 0.8502    eval auc: 0.9013  acc: 0.8240    test auc: 0.9001  acc: 0.8227
epoch 6    train auc: 0.9327  acc: 0.8581    eval auc: 0.9047  acc: 0.8274    test auc: 0.9033  acc: 0.8269
epoch 7    train auc: 0.9363  acc: 0.8630    eval auc: 0.9060  acc: 0.8294    test auc: 0.9048  acc: 0.8274
epoch 8    train auc: 0.9404  acc: 0.8678    eval auc: 0.9063  acc: 0.8307    test auc: 0.9055  acc: 0.8295
epoch 9    train auc: 0.9430  acc: 0.8712    eval auc: 0.9077  acc: 0.8314    test auc: 0.9059  acc: 0.8301
reading rating file ...
splitting dataset ...
reading KG file ...
constructing knowledge graph ...
constructing ripple set ...
epoch 0    train auc: 0.8922  acc: 0.8101    eval auc: 0.8843  acc: 0.8046    test auc: 0.8830  acc: 0.8028
epoch 1    train auc: 0.8988  acc: 0.8186    eval auc: 0.8864  acc: 0.8062    test auc: 0.8846  acc: 0.8036
epoch 2    train auc: 0.9159  acc: 0.8398    eval auc: 0.8963  acc: 0.8184    test auc: 0.8961  acc: 0.8181
epoch 3    train auc: 0.9279  acc: 0.8537    eval auc: 0.9027  acc: 0.8252    test auc: 0.9023  acc: 0.8259
epoch 4    train auc: 0.9361  acc: 0.8637    eval auc: 0.9070  acc: 0.8294    test auc: 0.9064  acc: 0.8289
epoch 5    train auc: 0.9425  acc: 0.8703    eval auc: 0.9094  acc: 0.8332    test auc: 0.9078  acc: 0.8308
epoch 6    train auc: 0.9472  acc: 0.8773    eval auc: 0.9121  acc: 0.8353    test auc: 0.9108  acc: 0.8318
epoch 7    train auc: 0.9496  acc: 0.8798    eval auc: 0.9141  acc: 0.8359    test auc: 0.9130  acc: 0.8346
epoch 8    train auc: 0.9528  acc: 0.8842    eval auc: 0.9127  acc: 0.8357    test auc: 0.9120  acc: 0.8340
epoch 9    train auc: 0.9575  acc: 0.8903    eval auc: 0.9144  acc: 0.8382    test auc: 0.9135  acc: 0.8367
reading rating file ...
splitting dataset ...
reading KG file ...
constructing knowledge graph ...
constructing ripple set ...
epoch 0    train auc: 0.9010  acc: 0.8189    eval auc: 0.8841  acc: 0.8036    test auc: 0.8823  acc: 0.7998
epoch 1    train auc: 0.9117  acc: 0.8310    eval auc: 0.8872  acc: 0.8057    test auc: 0.8854  acc: 0.8038
epoch 2    train auc: 0.9289  acc: 0.8538    eval auc: 0.9023  acc: 0.8247    test auc: 0.9010  acc: 0.8224
epoch 3    train auc: 0.9394  acc: 0.8677    eval auc: 0.9097  acc: 0.8309    test auc: 0.9090  acc: 0.8303
epoch 4    train auc: 0.9480  acc: 0.8794    eval auc: 0.9141  acc: 0.8364    test auc: 0.9136  acc: 0.8370
epoch 5    train auc: 0.9529  acc: 0.8868    eval auc: 0.9159  acc: 0.8376    test auc: 0.9151  acc: 0.8365
epoch 6    train auc: 0.9579  acc: 0.8935    eval auc: 0.9163  acc: 0.8374    test auc: 0.9163  acc: 0.8381
epoch 7    train auc: 0.9608  acc: 0.8970    eval auc: 0.9185  acc: 0.8406    test auc: 0.9176  acc: 0.8401
epoch 8    train auc: 0.9637  acc: 0.9022    eval auc: 0.9166  acc: 0.8378    test auc: 0.9159  acc: 0.8387
epoch 9    train auc: 0.9651  acc: 0.9028    eval auc: 0.9167  acc: 0.8398    test auc: 0.9165  acc: 0.8396
reading rating file ...
splitting dataset ...
reading KG file ...
constructing knowledge graph ...
constructing ripple set ...
epoch 0    train auc: 0.9120  acc: 0.8330    eval auc: 0.8832  acc: 0.8017    test auc: 0.8810  acc: 0.7999
epoch 1    train auc: 0.9229  acc: 0.8474    eval auc: 0.8910  acc: 0.8118    test auc: 0.8882  acc: 0.8090
epoch 2    train auc: 0.9338  acc: 0.8620    eval auc: 0.9014  acc: 0.8218    test auc: 0.9000  acc: 0.8193
epoch 3    train auc: 0.9415  acc: 0.8716    eval auc: 0.9061  acc: 0.8262    test auc: 0.9048  acc: 0.8254
epoch 4    train auc: 0.9453  acc: 0.8769    eval auc: 0.9112  acc: 0.8328    test auc: 0.9100  acc: 0.8318
epoch 5    train auc: 0.9491  acc: 0.8820    eval auc: 0.9135  acc: 0.8360    test auc: 0.9124  acc: 0.8337
epoch 6    train auc: 0.9541  acc: 0.8880    eval auc: 0.9161  acc: 0.8400    test auc: 0.9148  acc: 0.8388
epoch 7    train auc: 0.9558  acc: 0.8915    eval auc: 0.9172  acc: 0.8414    test auc: 0.9158  acc: 0.8394
epoch 8    train auc: 0.9579  acc: 0.8949    eval auc: 0.9179  acc: 0.8408    test auc: 0.9172  acc: 0.8403
epoch 9    train auc: 0.9600  acc: 0.8975    eval auc: 0.9179  acc: 0.8416    test auc: 0.9169  acc: 0.8401
