nohup: ignoring input
reading rating file ...
splitting dataset ...
reading KG file ...
constructing knowledge graph ...
constructing ripple set ...
epoch 0    train auc: 0.5218  acc: 0.5153    eval auc: 0.5002  acc: 0.4974    test auc: 0.4938  acc: 0.4985
epoch 1    train auc: 0.6440  acc: 0.6013    eval auc: 0.4998  acc: 0.5028    test auc: 0.5038  acc: 0.5078
epoch 2    train auc: 0.8167  acc: 0.7301    eval auc: 0.5590  acc: 0.5396    test auc: 0.5526  acc: 0.5395
epoch 3    train auc: 0.8993  acc: 0.8106    eval auc: 0.6092  acc: 0.5818    test auc: 0.6184  acc: 0.5861
epoch 4    train auc: 0.9344  acc: 0.8519    eval auc: 0.6609  acc: 0.6094    test auc: 0.6586  acc: 0.6264
epoch 5    train auc: 0.9545  acc: 0.8814    eval auc: 0.6729  acc: 0.6220    test auc: 0.6719  acc: 0.6349
epoch 6    train auc: 0.9648  acc: 0.8983    eval auc: 0.6698  acc: 0.6368    test auc: 0.6820  acc: 0.6446
epoch 7    train auc: 0.9732  acc: 0.9137    eval auc: 0.6785  acc: 0.6339    test auc: 0.6809  acc: 0.6449
epoch 8    train auc: 0.9801  acc: 0.9247    eval auc: 0.6875  acc: 0.6439    test auc: 0.6860  acc: 0.6563
epoch 9    train auc: 0.9819  acc: 0.9311    eval auc: 0.6837  acc: 0.6388    test auc: 0.6810  acc: 0.6489
reading rating file ...
splitting dataset ...
reading KG file ...
constructing knowledge graph ...
constructing ripple set ...
epoch 0    train auc: 0.5062  acc: 0.5066    eval auc: 0.5100  acc: 0.5119    test auc: 0.5115  acc: 0.5063
epoch 1    train auc: 0.6356  acc: 0.5966    eval auc: 0.5063  acc: 0.5034    test auc: 0.5055  acc: 0.4999
epoch 2    train auc: 0.7942  acc: 0.7093    eval auc: 0.5403  acc: 0.5361    test auc: 0.5570  acc: 0.5382
epoch 3    train auc: 0.8733  acc: 0.7834    eval auc: 0.6154  acc: 0.5835    test auc: 0.6037  acc: 0.5762
epoch 4    train auc: 0.9228  acc: 0.8355    eval auc: 0.6366  acc: 0.6025    test auc: 0.6329  acc: 0.5950
epoch 5    train auc: 0.9489  acc: 0.8718    eval auc: 0.6493  acc: 0.6127    test auc: 0.6535  acc: 0.6187
epoch 6    train auc: 0.9624  acc: 0.8942    eval auc: 0.6627  acc: 0.6200    test auc: 0.6616  acc: 0.6235
epoch 7    train auc: 0.9700  acc: 0.9063    eval auc: 0.6653  acc: 0.6274    test auc: 0.6617  acc: 0.6312
epoch 8    train auc: 0.9738  acc: 0.9142    eval auc: 0.6613  acc: 0.6286    test auc: 0.6664  acc: 0.6259
epoch 9    train auc: 0.9760  acc: 0.9196    eval auc: 0.6612  acc: 0.6316    test auc: 0.6565  acc: 0.6248
reading rating file ...
splitting dataset ...
reading KG file ...
constructing knowledge graph ...
constructing ripple set ...
epoch 0    train auc: 0.5383  acc: 0.5279    eval auc: 0.5144  acc: 0.5216    test auc: 0.5162  acc: 0.5078
epoch 1    train auc: 0.7470  acc: 0.6714    eval auc: 0.5465  acc: 0.5318    test auc: 0.5423  acc: 0.5228
epoch 2    train auc: 0.8745  acc: 0.7862    eval auc: 0.6132  acc: 0.5907    test auc: 0.6312  acc: 0.5981
epoch 3    train auc: 0.9329  acc: 0.8545    eval auc: 0.6576  acc: 0.6277    test auc: 0.6755  acc: 0.6291
epoch 4    train auc: 0.9589  acc: 0.8902    eval auc: 0.6698  acc: 0.6334    test auc: 0.6873  acc: 0.6397
epoch 5    train auc: 0.9720  acc: 0.9129    eval auc: 0.6624  acc: 0.6334    test auc: 0.6882  acc: 0.6467
epoch 6    train auc: 0.9797  acc: 0.9290    eval auc: 0.6723  acc: 0.6384    test auc: 0.6883  acc: 0.6529
epoch 7    train auc: 0.9840  acc: 0.9398    eval auc: 0.6545  acc: 0.6405    test auc: 0.6882  acc: 0.6464
epoch 8    train auc: 0.9863  acc: 0.9449    eval auc: 0.6632  acc: 0.6388    test auc: 0.6874  acc: 0.6450
epoch 9    train auc: 0.9855  acc: 0.9442    eval auc: 0.6638  acc: 0.6386    test auc: 0.6829  acc: 0.6548
reading rating file ...
splitting dataset ...
reading KG file ...
constructing knowledge graph ...
constructing ripple set ...
epoch 0    train auc: 0.5534  acc: 0.5381    eval auc: 0.4817  acc: 0.4952    test auc: 0.5048  acc: 0.5111
epoch 1    train auc: 0.7433  acc: 0.6739    eval auc: 0.5522  acc: 0.5370    test auc: 0.5578  acc: 0.5370
epoch 2    train auc: 0.8783  acc: 0.7896    eval auc: 0.7008  acc: 0.6454    test auc: 0.7054  acc: 0.6459
epoch 3    train auc: 0.9296  acc: 0.8499    eval auc: 0.7008  acc: 0.6462    test auc: 0.7214  acc: 0.6650
epoch 4    train auc: 0.9570  acc: 0.8863    eval auc: 0.7004  acc: 0.6546    test auc: 0.7237  acc: 0.6753
epoch 5    train auc: 0.9715  acc: 0.9108    eval auc: 0.6984  acc: 0.6509    test auc: 0.7153  acc: 0.6729
epoch 6    train auc: 0.9753  acc: 0.9202    eval auc: 0.6927  acc: 0.6486    test auc: 0.7126  acc: 0.6737
epoch 7    train auc: 0.9781  acc: 0.9263    eval auc: 0.6897  acc: 0.6481    test auc: 0.7079  acc: 0.6632
epoch 8    train auc: 0.9840  acc: 0.9411    eval auc: 0.6743  acc: 0.6425    test auc: 0.7010  acc: 0.6676
epoch 9    train auc: 0.9857  acc: 0.9440    eval auc: 0.6745  acc: 0.6514    test auc: 0.7019  acc: 0.6732
reading rating file ...
splitting dataset ...
reading KG file ...
constructing knowledge graph ...
constructing ripple set ...
epoch 0    train auc: 0.6312  acc: 0.5926    eval auc: 0.5216  acc: 0.5135    test auc: 0.5277  acc: 0.5228
epoch 1    train auc: 0.8570  acc: 0.7702    eval auc: 0.6985  acc: 0.6365    test auc: 0.7038  acc: 0.6379
epoch 2    train auc: 0.9265  acc: 0.8439    eval auc: 0.7362  acc: 0.6740    test auc: 0.7401  acc: 0.6818
epoch 3    train auc: 0.9524  acc: 0.8778    eval auc: 0.7307  acc: 0.6791    test auc: 0.7372  acc: 0.6853
epoch 4    train auc: 0.9683  acc: 0.9055    eval auc: 0.7271  acc: 0.6823    test auc: 0.7246  acc: 0.6823
epoch 5    train auc: 0.9763  acc: 0.9212    eval auc: 0.7145  acc: 0.6684    test auc: 0.7210  acc: 0.6859
epoch 6    train auc: 0.9808  acc: 0.9316    eval auc: 0.7109  acc: 0.6737    test auc: 0.7105  acc: 0.6870
epoch 7    train auc: 0.9851  acc: 0.9408    eval auc: 0.7067  acc: 0.6751    test auc: 0.7066  acc: 0.6780
epoch 8    train auc: 0.9845  acc: 0.9431    eval auc: 0.7049  acc: 0.6756    test auc: 0.7060  acc: 0.6808
epoch 9    train auc: 0.9884  acc: 0.9503    eval auc: 0.6974  acc: 0.6760    test auc: 0.6938  acc: 0.6746
reading rating file ...
splitting dataset ...
reading KG file ...
constructing knowledge graph ...
constructing ripple set ...
epoch 0    train auc: 0.6177  acc: 0.5880    eval auc: 0.5196  acc: 0.5171    test auc: 0.5230  acc: 0.5232
epoch 1    train auc: 0.8582  acc: 0.7735    eval auc: 0.7275  acc: 0.6577    test auc: 0.7338  acc: 0.6754
epoch 2    train auc: 0.9335  acc: 0.8532    eval auc: 0.7660  acc: 0.7023    test auc: 0.7717  acc: 0.7151
epoch 3    train auc: 0.9568  acc: 0.8861    eval auc: 0.7619  acc: 0.7019    test auc: 0.7712  acc: 0.7169
epoch 4    train auc: 0.9715  acc: 0.9115    eval auc: 0.7545  acc: 0.7064    test auc: 0.7543  acc: 0.7101
epoch 5    train auc: 0.9785  acc: 0.9263    eval auc: 0.7500  acc: 0.7035    test auc: 0.7525  acc: 0.7095
epoch 6    train auc: 0.9824  acc: 0.9355    eval auc: 0.7410  acc: 0.7025    test auc: 0.7433  acc: 0.7078
epoch 7    train auc: 0.9860  acc: 0.9473    eval auc: 0.7296  acc: 0.6964    test auc: 0.7344  acc: 0.7022
epoch 8    train auc: 0.9871  acc: 0.9499    eval auc: 0.7353  acc: 0.7042    test auc: 0.7356  acc: 0.7043
epoch 9    train auc: 0.9875  acc: 0.9494    eval auc: 0.7297  acc: 0.7003    test auc: 0.7380  acc: 0.7059
reading rating file ...
splitting dataset ...
reading KG file ...
constructing knowledge graph ...
constructing ripple set ...
epoch 0    train auc: 0.5811  acc: 0.5273    eval auc: 0.4986  acc: 0.4806    test auc: 0.4952  acc: 0.4783
epoch 1    train auc: 0.7717  acc: 0.6889    eval auc: 0.6625  acc: 0.6319    test auc: 0.6735  acc: 0.6225
epoch 2    train auc: 0.8887  acc: 0.8027    eval auc: 0.7628  acc: 0.6959    test auc: 0.7723  acc: 0.7094
epoch 3    train auc: 0.9297  acc: 0.8491    eval auc: 0.7684  acc: 0.7028    test auc: 0.7640  acc: 0.7072
epoch 4    train auc: 0.9487  acc: 0.8770    eval auc: 0.7512  acc: 0.6995    test auc: 0.7521  acc: 0.7090
epoch 5    train auc: 0.9631  acc: 0.8992    eval auc: 0.7467  acc: 0.6978    test auc: 0.7376  acc: 0.6963
epoch 6    train auc: 0.9702  acc: 0.9110    eval auc: 0.7379  acc: 0.6943    test auc: 0.7351  acc: 0.7007
epoch 7    train auc: 0.9729  acc: 0.9173    eval auc: 0.7185  acc: 0.6885    test auc: 0.7212  acc: 0.6989
epoch 8    train auc: 0.9774  acc: 0.9254    eval auc: 0.7289  acc: 0.6971    test auc: 0.7285  acc: 0.7017
epoch 9    train auc: 0.9819  acc: 0.9341    eval auc: 0.7231  acc: 0.6932    test auc: 0.7248  acc: 0.6994
