nohup: ignoring input
reading rating file ...
splitting dataset ...
reading KG file ...
n_entity: 9366
n_relation: 60
constructing knowledge graph ...
constructing ripple set ...
epoch 0    train auc: 0.5825  acc: 0.5582    eval auc: 0.5136  acc: 0.5159    test auc: 0.5033  acc: 0.5049
epoch 1    train auc: 0.8449  acc: 0.7652    eval auc: 0.7017  acc: 0.6480    test auc: 0.7051  acc: 0.6495
epoch 2    train auc: 0.9311  acc: 0.8542    eval auc: 0.7539  acc: 0.6976    test auc: 0.7584  acc: 0.7073
epoch 3    train auc: 0.9579  acc: 0.8909    eval auc: 0.7505  acc: 0.7005    test auc: 0.7552  acc: 0.7038
epoch 4    train auc: 0.9712  acc: 0.9139    eval auc: 0.7314  acc: 0.6914    test auc: 0.7330  acc: 0.6968
epoch 5    train auc: 0.9800  acc: 0.9300    eval auc: 0.7305  acc: 0.6911    test auc: 0.7336  acc: 0.6960
epoch 6    train auc: 0.9820  acc: 0.9352    eval auc: 0.7233  acc: 0.6887    test auc: 0.7253  acc: 0.6897
epoch 7    train auc: 0.9858  acc: 0.9443    eval auc: 0.7244  acc: 0.6925    test auc: 0.7150  acc: 0.6889
epoch 8    train auc: 0.9869  acc: 0.9468    eval auc: 0.7123  acc: 0.6907    test auc: 0.7091  acc: 0.6877
epoch 9    train auc: 0.9889  acc: 0.9501    eval auc: 0.7193  acc: 0.6894    test auc: 0.7100  acc: 0.6867
reading rating file ...
splitting dataset ...
reading KG file ...
n_entity: 9366
n_relation: 60
constructing knowledge graph ...
constructing ripple set ...
epoch 0    train auc: 0.5613  acc: 0.5148    eval auc: 0.4687  acc: 0.4712    test auc: 0.4718  acc: 0.4630
epoch 1    train auc: 0.8307  acc: 0.7493    eval auc: 0.7286  acc: 0.6681    test auc: 0.7512  acc: 0.6911
epoch 2    train auc: 0.8929  acc: 0.8077    eval auc: 0.7587  acc: 0.6945    test auc: 0.7670  acc: 0.7142
epoch 3    train auc: 0.9113  acc: 0.8250    eval auc: 0.7514  acc: 0.6912    test auc: 0.7663  acc: 0.7125
epoch 4    train auc: 0.9320  acc: 0.8489    eval auc: 0.7501  acc: 0.7012    test auc: 0.7560  acc: 0.7105
epoch 5    train auc: 0.9350  acc: 0.8539    eval auc: 0.7460  acc: 0.6925    test auc: 0.7601  acc: 0.7067
epoch 6    train auc: 0.9450  acc: 0.8666    eval auc: 0.7396  acc: 0.6960    test auc: 0.7526  acc: 0.7142
epoch 7    train auc: 0.9492  acc: 0.8736    eval auc: 0.7518  acc: 0.7021    test auc: 0.7629  acc: 0.7153
epoch 8    train auc: 0.9556  acc: 0.8850    eval auc: 0.7196  acc: 0.6936    test auc: 0.7436  acc: 0.7165
epoch 9    train auc: 0.9611  acc: 0.8940    eval auc: 0.7288  acc: 0.6929    test auc: 0.7483  acc: 0.7096
reading rating file ...
splitting dataset ...
reading KG file ...
n_entity: 9366
n_relation: 60
constructing knowledge graph ...
constructing ripple set ...
epoch 0    train auc: 0.5215  acc: 0.5111    eval auc: 0.4593  acc: 0.4799    test auc: 0.4748  acc: 0.4835
epoch 1    train auc: 0.5231  acc: 0.4965    eval auc: 0.4538  acc: 0.4868    test auc: 0.4761  acc: 0.4853
epoch 2    train auc: 0.5269  acc: 0.4904    eval auc: 0.4558  acc: 0.4817    test auc: 0.4762  acc: 0.4769
epoch 3    train auc: 0.5992  acc: 0.5610    eval auc: 0.5305  acc: 0.5216    test auc: 0.5153  acc: 0.5064
epoch 4    train auc: 0.8535  acc: 0.7707    eval auc: 0.7333  acc: 0.6797    test auc: 0.7366  acc: 0.6787
epoch 5    train auc: 0.8804  acc: 0.7929    eval auc: 0.7569  acc: 0.7021    test auc: 0.7567  acc: 0.7038
epoch 6    train auc: 0.8918  acc: 0.8017    eval auc: 0.7450  acc: 0.6843    test auc: 0.7604  acc: 0.7050
epoch 7    train auc: 0.9035  acc: 0.8168    eval auc: 0.7609  acc: 0.7099    test auc: 0.7588  acc: 0.7176
epoch 8    train auc: 0.9076  acc: 0.8247    eval auc: 0.7595  acc: 0.7026    test auc: 0.7595  acc: 0.7050
epoch 9    train auc: 0.9222  acc: 0.8388    eval auc: 0.7559  acc: 0.7050    test auc: 0.7624  acc: 0.7134
reading rating file ...
splitting dataset ...
reading KG file ...
n_entity: 9366
n_relation: 60
constructing knowledge graph ...
constructing ripple set ...
epoch 0    train auc: 0.5223  acc: 0.5114    eval auc: 0.4551  acc: 0.4956    test auc: 0.4725  acc: 0.4808
epoch 1    train auc: 0.5250  acc: 0.5122    eval auc: 0.4651  acc: 0.4973    test auc: 0.4677  acc: 0.4852
epoch 2    train auc: 0.5203  acc: 0.5072    eval auc: 0.4780  acc: 0.4981    test auc: 0.4757  acc: 0.4867
epoch 3    train auc: 0.5125  acc: 0.4930    eval auc: 0.4783  acc: 0.4861    test auc: 0.4739  acc: 0.4783
epoch 4    train auc: 0.5153  acc: 0.5014    eval auc: 0.4794  acc: 0.4918    test auc: 0.4789  acc: 0.4803
epoch 5    train auc: 0.5135  acc: 0.5089    eval auc: 0.4812  acc: 0.4908    test auc: 0.4744  acc: 0.4886
epoch 6    train auc: 0.5167  acc: 0.5200    eval auc: 0.4745  acc: 0.4842    test auc: 0.4680  acc: 0.4795
epoch 7    train auc: 0.5095  acc: 0.5168    eval auc: 0.4719  acc: 0.4876    test auc: 0.4774  acc: 0.4922
epoch 8    train auc: 0.5111  acc: 0.5227    eval auc: 0.4910  acc: 0.5012    test auc: 0.4834  acc: 0.4976
epoch 9    train auc: 0.5071  acc: 0.5105    eval auc: 0.4928  acc: 0.5084    test auc: 0.4854  acc: 0.4963
reading rating file ...
splitting dataset ...
reading KG file ...
n_entity: 9366
n_relation: 60
constructing knowledge graph ...
constructing ripple set ...
epoch 0    train auc: 0.5308  acc: 0.5158    eval auc: 0.5013  acc: 0.5002    test auc: 0.4880  acc: 0.4875
epoch 1    train auc: 0.7180  acc: 0.6558    eval auc: 0.5380  acc: 0.5377    test auc: 0.5302  acc: 0.5252
epoch 2    train auc: 0.9094  acc: 0.8237    eval auc: 0.7099  acc: 0.6478    test auc: 0.7183  acc: 0.6529
epoch 3    train auc: 0.9490  acc: 0.8779    eval auc: 0.7454  acc: 0.6877    test auc: 0.7479  acc: 0.6944
epoch 4    train auc: 0.9715  acc: 0.9133    eval auc: 0.7315  acc: 0.6876    test auc: 0.7339  acc: 0.6932
epoch 5    train auc: 0.9814  acc: 0.9320    eval auc: 0.7274  acc: 0.6840    test auc: 0.7275  acc: 0.6817
epoch 6    train auc: 0.9853  acc: 0.9392    eval auc: 0.7275  acc: 0.6923    test auc: 0.7265  acc: 0.6918
epoch 7    train auc: 0.9880  acc: 0.9496    eval auc: 0.7142  acc: 0.6840    test auc: 0.7183  acc: 0.6861
epoch 8    train auc: 0.9906  acc: 0.9528    eval auc: 0.7138  acc: 0.6823    test auc: 0.7172  acc: 0.6818
epoch 9    train auc: 0.9908  acc: 0.9575    eval auc: 0.7110  acc: 0.6846    test auc: 0.7121  acc: 0.6817
reading rating file ...
splitting dataset ...
reading KG file ...
n_entity: 9366
n_relation: 60
constructing knowledge graph ...
constructing ripple set ...
epoch 0    train auc: 0.5166  acc: 0.5096    eval auc: 0.4834  acc: 0.4878    test auc: 0.4962  acc: 0.4963
epoch 1    train auc: 0.6049  acc: 0.5697    eval auc: 0.4970  acc: 0.4958    test auc: 0.4943  acc: 0.4917
epoch 2    train auc: 0.8436  acc: 0.7604    eval auc: 0.7386  acc: 0.6694    test auc: 0.7394  acc: 0.6791
epoch 3    train auc: 0.9032  acc: 0.8183    eval auc: 0.7587  acc: 0.7006    test auc: 0.7691  acc: 0.7063
epoch 4    train auc: 0.9432  acc: 0.8678    eval auc: 0.7542  acc: 0.7032    test auc: 0.7603  acc: 0.7107
epoch 5    train auc: 0.9565  acc: 0.8878    eval auc: 0.7518  acc: 0.7043    test auc: 0.7546  acc: 0.7107
epoch 6    train auc: 0.9706  acc: 0.9123    eval auc: 0.7275  acc: 0.6905    test auc: 0.7380  acc: 0.7036
epoch 7    train auc: 0.9728  acc: 0.9139    eval auc: 0.7432  acc: 0.7028    test auc: 0.7429  acc: 0.7100
epoch 8    train auc: 0.9784  acc: 0.9287    eval auc: 0.7187  acc: 0.6924    test auc: 0.7207  acc: 0.6972
epoch 9    train auc: 0.9802  acc: 0.9312    eval auc: 0.7024  acc: 0.6739    test auc: 0.7143  acc: 0.6902
reading rating file ...
splitting dataset ...
reading KG file ...
n_entity: 9366
n_relation: 60
constructing knowledge graph ...
constructing ripple set ...
epoch 0    train auc: 0.4973  acc: 0.4996    eval auc: 0.5006  acc: 0.5070    test auc: 0.4900  acc: 0.4892
epoch 1    train auc: 0.5274  acc: 0.5091    eval auc: 0.4599  acc: 0.4872    test auc: 0.4707  acc: 0.4838
epoch 2    train auc: 0.5372  acc: 0.5135    eval auc: 0.4686  acc: 0.4850    test auc: 0.4681  acc: 0.4827
epoch 3    train auc: 0.5903  acc: 0.5357    eval auc: 0.5142  acc: 0.5029    test auc: 0.5071  acc: 0.4981
epoch 4    train auc: 0.8596  acc: 0.7716    eval auc: 0.7450  acc: 0.6847    test auc: 0.7583  acc: 0.6943
epoch 5    train auc: 0.8866  acc: 0.7952    eval auc: 0.7660  acc: 0.7010    test auc: 0.7695  acc: 0.7130
epoch 6    train auc: 0.8940  acc: 0.7989    eval auc: 0.7639  acc: 0.7093    test auc: 0.7714  acc: 0.7076
epoch 7    train auc: 0.8996  acc: 0.8032    eval auc: 0.7624  acc: 0.6992    test auc: 0.7724  acc: 0.7150
epoch 8    train auc: 0.9060  acc: 0.8122    eval auc: 0.7601  acc: 0.7031    test auc: 0.7702  acc: 0.7183
epoch 9    train auc: 0.9035  acc: 0.8105    eval auc: 0.7463  acc: 0.6964    test auc: 0.7600  acc: 0.7155
reading rating file ...
splitting dataset ...
reading KG file ...
n_entity: 9366
n_relation: 60
constructing knowledge graph ...
constructing ripple set ...
epoch 0    train auc: 0.5178  acc: 0.5087    eval auc: 0.4681  acc: 0.4887    test auc: 0.4736  acc: 0.4812
epoch 1    train auc: 0.5257  acc: 0.5112    eval auc: 0.4799  acc: 0.5029    test auc: 0.4579  acc: 0.4820
epoch 2    train auc: 0.5273  acc: 0.5118    eval auc: 0.4710  acc: 0.4982    test auc: 0.4704  acc: 0.4878
epoch 3    train auc: 0.5292  acc: 0.5124    eval auc: 0.4532  acc: 0.4864    test auc: 0.4619  acc: 0.4808
epoch 4    train auc: 0.5269  acc: 0.5102    eval auc: 0.4571  acc: 0.4911    test auc: 0.4756  acc: 0.4863
epoch 5    train auc: 0.5248  acc: 0.5096    eval auc: 0.4670  acc: 0.4943    test auc: 0.4689  acc: 0.4843
epoch 6    train auc: 0.5185  acc: 0.5074    eval auc: 0.4782  acc: 0.4991    test auc: 0.4845  acc: 0.4908
epoch 7    train auc: 0.5172  acc: 0.5021    eval auc: 0.4869  acc: 0.5037    test auc: 0.4753  acc: 0.4850
epoch 8    train auc: 0.5204  acc: 0.5075    eval auc: 0.4702  acc: 0.4957    test auc: 0.4799  acc: 0.4918
epoch 9    train auc: 0.5203  acc: 0.4992    eval auc: 0.4763  acc: 0.4955    test auc: 0.4679  acc: 0.4816
