nohup: ignoring input
reading rating file ...
splitting dataset ...
reading KG file ...
n_entity: 616
n_relation: 5
constructing knowledge graph ...
constructing ripple set ...
epoch 0    train auc: 0.5794  acc: 0.5644    eval auc: 0.5540  acc: 0.5414    test auc: 0.5581  acc: 0.5458
epoch 1    train auc: 0.6962  acc: 0.6435    eval auc: 0.6584  acc: 0.6116    test auc: 0.6616  acc: 0.6132
epoch 2    train auc: 0.8676  acc: 0.7823    eval auc: 0.8343  acc: 0.7553    test auc: 0.8370  acc: 0.7588
epoch 3    train auc: 0.9610  acc: 0.8893    eval auc: 0.9454  acc: 0.8706    test auc: 0.9472  acc: 0.8729
epoch 4    train auc: 0.9798  acc: 0.9124    eval auc: 0.9724  acc: 0.8973    test auc: 0.9728  acc: 0.8984
epoch 5    train auc: 0.9832  acc: 0.9199    eval auc: 0.9777  acc: 0.9060    test auc: 0.9778  acc: 0.9072
epoch 6    train auc: 0.9849  acc: 0.9248    eval auc: 0.9797  acc: 0.9102    test auc: 0.9798  acc: 0.9113
epoch 7    train auc: 0.9857  acc: 0.9268    eval auc: 0.9808  acc: 0.9129    test auc: 0.9807  acc: 0.9135
epoch 8    train auc: 0.9867  acc: 0.9282    eval auc: 0.9818  acc: 0.9152    test auc: 0.9818  acc: 0.9151
epoch 9    train auc: 0.9869  acc: 0.9292    eval auc: 0.9821  acc: 0.9160    test auc: 0.9820  acc: 0.9166
运行时间： 59.715854 秒
运行时间： 59715.854 毫秒
reading rating file ...
splitting dataset ...
reading KG file ...
n_entity: 616
n_relation: 5
constructing knowledge graph ...
constructing ripple set ...
epoch 0    train auc: 0.5395  acc: 0.5351    eval auc: 0.5096  acc: 0.5041    test auc: 0.5114  acc: 0.5044
epoch 1    train auc: 0.5999  acc: 0.5788    eval auc: 0.5531  acc: 0.5361    test auc: 0.5539  acc: 0.5360
epoch 2    train auc: 0.7533  acc: 0.7031    eval auc: 0.7152  acc: 0.6622    test auc: 0.7155  acc: 0.6610
epoch 3    train auc: 0.9423  acc: 0.8704    eval auc: 0.9196  acc: 0.8452    test auc: 0.9205  acc: 0.8466
epoch 4    train auc: 0.9776  acc: 0.9099    eval auc: 0.9693  acc: 0.8952    test auc: 0.9695  acc: 0.8963
epoch 5    train auc: 0.9834  acc: 0.9181    eval auc: 0.9777  acc: 0.9051    test auc: 0.9778  acc: 0.9052
epoch 6    train auc: 0.9846  acc: 0.9214    eval auc: 0.9795  acc: 0.9088    test auc: 0.9796  acc: 0.9094
epoch 7    train auc: 0.9850  acc: 0.9238    eval auc: 0.9800  acc: 0.9101    test auc: 0.9801  acc: 0.9115
epoch 8    train auc: 0.9856  acc: 0.9250    eval auc: 0.9808  acc: 0.9117    test auc: 0.9808  acc: 0.9128
epoch 9    train auc: 0.9858  acc: 0.9255    eval auc: 0.9810  acc: 0.9121    test auc: 0.9811  acc: 0.9135
运行时间： 71.76827 秒
运行时间： 71768.27 毫秒
reading rating file ...
splitting dataset ...
reading KG file ...
n_entity: 616
n_relation: 5
constructing knowledge graph ...
constructing ripple set ...
epoch 0    train auc: 0.5345  acc: 0.5325    eval auc: 0.4869  acc: 0.4905    test auc: 0.4865  acc: 0.4895
epoch 1    train auc: 0.6092  acc: 0.5789    eval auc: 0.4946  acc: 0.4922    test auc: 0.4952  acc: 0.4964
epoch 2    train auc: 0.7267  acc: 0.6510    eval auc: 0.6185  acc: 0.5824    test auc: 0.6173  acc: 0.5819
epoch 3    train auc: 0.9618  acc: 0.8925    eval auc: 0.9469  acc: 0.8763    test auc: 0.9451  acc: 0.8739
epoch 4    train auc: 0.9821  acc: 0.9113    eval auc: 0.9763  acc: 0.9003    test auc: 0.9762  acc: 0.9003
epoch 5    train auc: 0.9840  acc: 0.9173    eval auc: 0.9790  acc: 0.9062    test auc: 0.9791  acc: 0.9066
epoch 6    train auc: 0.9845  acc: 0.9200    eval auc: 0.9795  acc: 0.9071    test auc: 0.9798  acc: 0.9085
epoch 7    train auc: 0.9849  acc: 0.9218    eval auc: 0.9800  acc: 0.9088    test auc: 0.9803  acc: 0.9105
epoch 8    train auc: 0.9855  acc: 0.9238    eval auc: 0.9806  acc: 0.9101    test auc: 0.9808  acc: 0.9111
epoch 9    train auc: 0.9859  acc: 0.9259    eval auc: 0.9809  acc: 0.9118    test auc: 0.9811  acc: 0.9124
运行时间： 73.73178 秒
运行时间： 73731.78 毫秒
reading rating file ...
splitting dataset ...
reading KG file ...
n_entity: 616
n_relation: 5
constructing knowledge graph ...
constructing ripple set ...
epoch 0    train auc: 0.5649  acc: 0.5420    eval auc: 0.4979  acc: 0.5007    test auc: 0.4971  acc: 0.5012
epoch 1    train auc: 0.6180  acc: 0.5788    eval auc: 0.5019  acc: 0.5059    test auc: 0.5032  acc: 0.5071
epoch 2    train auc: 0.6863  acc: 0.6328    eval auc: 0.5499  acc: 0.5390    test auc: 0.5509  acc: 0.5416
epoch 3    train auc: 0.9019  acc: 0.8347    eval auc: 0.8656  acc: 0.8000    test auc: 0.8661  acc: 0.8018
epoch 4    train auc: 0.9761  acc: 0.9047    eval auc: 0.9680  acc: 0.8906    test auc: 0.9682  acc: 0.8931
epoch 5    train auc: 0.9833  acc: 0.9155    eval auc: 0.9780  acc: 0.9031    test auc: 0.9783  acc: 0.9038
epoch 6    train auc: 0.9841  acc: 0.9189    eval auc: 0.9790  acc: 0.9057    test auc: 0.9793  acc: 0.9062
epoch 7    train auc: 0.9846  acc: 0.9224    eval auc: 0.9795  acc: 0.9080    test auc: 0.9798  acc: 0.9081
epoch 8    train auc: 0.9855  acc: 0.9264    eval auc: 0.9804  acc: 0.9102    test auc: 0.9809  acc: 0.9121
epoch 9    train auc: 0.9879  acc: 0.9353    eval auc: 0.9827  acc: 0.9187    test auc: 0.9831  acc: 0.9196
运行时间： 80.270191 秒
运行时间： 80270.19099999999 毫秒
reading rating file ...
splitting dataset ...
reading KG file ...
n_entity: 616
n_relation: 5
constructing knowledge graph ...
constructing ripple set ...
epoch 0    train auc: 0.5301  acc: 0.5137    eval auc: 0.5249  acc: 0.5178    test auc: 0.5244  acc: 0.5186
epoch 1    train auc: 0.5786  acc: 0.5488    eval auc: 0.5230  acc: 0.5123    test auc: 0.5222  acc: 0.5114
epoch 2    train auc: 0.6248  acc: 0.6114    eval auc: 0.5183  acc: 0.5137    test auc: 0.5195  acc: 0.5139
epoch 3    train auc: 0.7151  acc: 0.6897    eval auc: 0.5822  acc: 0.5715    test auc: 0.5829  acc: 0.5742
epoch 4    train auc: 0.9120  acc: 0.8484    eval auc: 0.8829  acc: 0.8194    test auc: 0.8822  acc: 0.8186
epoch 5    train auc: 0.9776  acc: 0.9087    eval auc: 0.9706  acc: 0.8948    test auc: 0.9707  acc: 0.8952
epoch 6    train auc: 0.9841  acc: 0.9233    eval auc: 0.9786  acc: 0.9085    test auc: 0.9786  acc: 0.9092
epoch 7    train auc: 0.9865  acc: 0.9299    eval auc: 0.9809  acc: 0.9127    test auc: 0.9810  acc: 0.9127
epoch 8    train auc: 0.9887  acc: 0.9392    eval auc: 0.9830  acc: 0.9205    test auc: 0.9832  acc: 0.9220
epoch 9    train auc: 0.9911  acc: 0.9505    eval auc: 0.9850  acc: 0.9294    test auc: 0.9852  acc: 0.9299
运行时间： 91.003323 秒
运行时间： 91003.32299999999 毫秒
reading rating file ...
splitting dataset ...
reading KG file ...
n_entity: 616
n_relation: 5
constructing knowledge graph ...
constructing ripple set ...
epoch 0    train auc: 0.6957  acc: 0.6722    eval auc: 0.6331  acc: 0.6128    test auc: 0.6315  acc: 0.6136
epoch 1    train auc: 0.8102  acc: 0.7478    eval auc: 0.7185  acc: 0.6783    test auc: 0.7190  acc: 0.6784
epoch 2    train auc: 0.8903  acc: 0.8023    eval auc: 0.8321  acc: 0.7572    test auc: 0.8320  acc: 0.7566
epoch 3    train auc: 0.9484  acc: 0.8772    eval auc: 0.9252  acc: 0.8551    test auc: 0.9250  acc: 0.8552
epoch 4    train auc: 0.9692  acc: 0.8931    eval auc: 0.9573  acc: 0.8776    test auc: 0.9571  acc: 0.8791
epoch 5    train auc: 0.9785  acc: 0.9063    eval auc: 0.9709  acc: 0.8926    test auc: 0.9707  acc: 0.8938
epoch 6    train auc: 0.9821  acc: 0.9141    eval auc: 0.9765  acc: 0.9002    test auc: 0.9764  acc: 0.9014
epoch 7    train auc: 0.9846  acc: 0.9205    eval auc: 0.9791  acc: 0.9068    test auc: 0.9792  acc: 0.9071
epoch 8    train auc: 0.9854  acc: 0.9226    eval auc: 0.9799  acc: 0.9078    test auc: 0.9802  acc: 0.9092
epoch 9    train auc: 0.9868  acc: 0.9268    eval auc: 0.9809  acc: 0.9107    test auc: 0.9813  acc: 0.9124
运行时间： 113.508698 秒
运行时间： 113508.69799999999 毫秒
reading rating file ...
splitting dataset ...
reading KG file ...
n_entity: 616
n_relation: 5
constructing knowledge graph ...
constructing ripple set ...
epoch 0    train auc: 0.5022  acc: 0.5151    eval auc: 0.5037  acc: 0.4927    test auc: 0.5062  acc: 0.4946
epoch 1    train auc: 0.5905  acc: 0.5942    eval auc: 0.5162  acc: 0.5117    test auc: 0.5176  acc: 0.5139
epoch 2    train auc: 0.6469  acc: 0.6389    eval auc: 0.5359  acc: 0.5422    test auc: 0.5369  acc: 0.5419
epoch 3    train auc: 0.6963  acc: 0.6679    eval auc: 0.5844  acc: 0.5814    test auc: 0.5867  acc: 0.5852
epoch 4    train auc: 0.7869  acc: 0.7278    eval auc: 0.7101  acc: 0.6661    test auc: 0.7123  acc: 0.6694
epoch 5    train auc: 0.8959  acc: 0.8134    eval auc: 0.8698  acc: 0.7869    test auc: 0.8696  acc: 0.7864
epoch 6    train auc: 0.9501  acc: 0.8767    eval auc: 0.9374  acc: 0.8562    test auc: 0.9362  acc: 0.8550
epoch 7    train auc: 0.9693  acc: 0.9014    eval auc: 0.9622  acc: 0.8856    test auc: 0.9612  acc: 0.8846
epoch 8    train auc: 0.9805  acc: 0.9167    eval auc: 0.9750  acc: 0.9028    test auc: 0.9745  acc: 0.9022
epoch 9    train auc: 0.9842  acc: 0.9205    eval auc: 0.9789  acc: 0.9078    test auc: 0.9789  acc: 0.9069
运行时间： 168.811201 秒
运行时间： 168811.201 毫秒
reading rating file ...
splitting dataset ...
reading KG file ...
n_entity: 616
n_relation: 5
constructing knowledge graph ...
constructing ripple set ...
epoch 0    train auc: 0.5110  acc: 0.4978    eval auc: 0.4868  acc: 0.4836    test auc: 0.4836  acc: 0.4818
epoch 1    train auc: 0.5631  acc: 0.5556    eval auc: 0.4811  acc: 0.4764    test auc: 0.4787  acc: 0.4746
epoch 2    train auc: 0.6408  acc: 0.5995    eval auc: 0.5251  acc: 0.5046    test auc: 0.5247  acc: 0.5039
epoch 3    train auc: 0.7788  acc: 0.7101    eval auc: 0.7102  acc: 0.6600    test auc: 0.7087  acc: 0.6578
epoch 4    train auc: 0.9429  acc: 0.8745    eval auc: 0.9270  acc: 0.8541    test auc: 0.9264  acc: 0.8528
epoch 5    train auc: 0.9792  acc: 0.9092    eval auc: 0.9724  acc: 0.8946    test auc: 0.9731  acc: 0.8954
epoch 6    train auc: 0.9833  acc: 0.9191    eval auc: 0.9777  acc: 0.9059    test auc: 0.9782  acc: 0.9065
epoch 7    train auc: 0.9842  acc: 0.9205    eval auc: 0.9789  acc: 0.9056    test auc: 0.9792  acc: 0.9063
epoch 8    train auc: 0.9850  acc: 0.9245    eval auc: 0.9795  acc: 0.9091    test auc: 0.9800  acc: 0.9110
epoch 9    train auc: 0.9863  acc: 0.9275    eval auc: 0.9804  acc: 0.9102    test auc: 0.9809  acc: 0.9114
运行时间： 89.780405 秒
运行时间： 89780.405 毫秒
reading rating file ...
splitting dataset ...
reading KG file ...
n_entity: 616
n_relation: 5
constructing knowledge graph ...
constructing ripple set ...
epoch 0    train auc: 0.4953  acc: 0.4942    eval auc: 0.5148  acc: 0.5124    test auc: 0.5144  acc: 0.5121
epoch 1    train auc: 0.5386  acc: 0.5369    eval auc: 0.5071  acc: 0.5082    test auc: 0.5091  acc: 0.5104
epoch 2    train auc: 0.5792  acc: 0.5670    eval auc: 0.4988  acc: 0.5043    test auc: 0.5032  acc: 0.5082
epoch 3    train auc: 0.6188  acc: 0.6081    eval auc: 0.5071  acc: 0.5084    test auc: 0.5115  acc: 0.5112
epoch 4    train auc: 0.7339  acc: 0.6802    eval auc: 0.6278  acc: 0.5914    test auc: 0.6318  acc: 0.5925
epoch 5    train auc: 0.9622  acc: 0.8911    eval auc: 0.9492  acc: 0.8743    test auc: 0.9484  acc: 0.8728
epoch 6    train auc: 0.9792  acc: 0.9091    eval auc: 0.9723  acc: 0.8946    test auc: 0.9718  acc: 0.8935
epoch 7    train auc: 0.9841  acc: 0.9232    eval auc: 0.9781  acc: 0.9063    test auc: 0.9778  acc: 0.9050
epoch 8    train auc: 0.9876  acc: 0.9360    eval auc: 0.9816  acc: 0.9168    test auc: 0.9815  acc: 0.9175
epoch 9    train auc: 0.9911  acc: 0.9508    eval auc: 0.9845  acc: 0.9287    test auc: 0.9846  acc: 0.9296
运行时间： 136.00829399999998 秒
运行时间： 136008.29399999997 毫秒
reading rating file ...
splitting dataset ...
reading KG file ...
n_entity: 616
n_relation: 5
constructing knowledge graph ...
constructing ripple set ...
epoch 0    train auc: 0.4909  acc: 0.4978    eval auc: 0.4891  acc: 0.4877    test auc: 0.4885  acc: 0.4884
epoch 1    train auc: 0.4931  acc: 0.5015    eval auc: 0.4924  acc: 0.4909    test auc: 0.4913  acc: 0.4897
epoch 2    train auc: 0.4971  acc: 0.5000    eval auc: 0.4991  acc: 0.4970    test auc: 0.4997  acc: 0.4969
epoch 3    train auc: 0.5103  acc: 0.5128    eval auc: 0.5105  acc: 0.4985    test auc: 0.5127  acc: 0.4980
epoch 4    train auc: 0.6031  acc: 0.6395    eval auc: 0.5764  acc: 0.5420    test auc: 0.5799  acc: 0.5438
epoch 5    train auc: 0.9712  acc: 0.9014    eval auc: 0.9645  acc: 0.8857    test auc: 0.9653  acc: 0.8868
epoch 6    train auc: 0.9831  acc: 0.9161    eval auc: 0.9782  acc: 0.9046    test auc: 0.9782  acc: 0.9038
epoch 7    train auc: 0.9848  acc: 0.9198    eval auc: 0.9798  acc: 0.9090    test auc: 0.9801  acc: 0.9082
epoch 8    train auc: 0.9850  acc: 0.9217    eval auc: 0.9801  acc: 0.9089    test auc: 0.9804  acc: 0.9103
epoch 9    train auc: 0.9854  acc: 0.9218    eval auc: 0.9805  acc: 0.9098    test auc: 0.9809  acc: 0.9103
运行时间： 181.630736 秒
运行时间： 181630.736 毫秒
reading rating file ...
splitting dataset ...
reading KG file ...
n_entity: 616
n_relation: 5
constructing knowledge graph ...
constructing ripple set ...
epoch 0    train auc: 0.4968  acc: 0.4833    eval auc: 0.5068  acc: 0.5240    test auc: 0.5145  acc: 0.5286
epoch 1    train auc: 0.5084  acc: 0.4892    eval auc: 0.5077  acc: 0.5230    test auc: 0.5146  acc: 0.5281
epoch 2    train auc: 0.5228  acc: 0.5003    eval auc: 0.5084  acc: 0.5210    test auc: 0.5130  acc: 0.5230
epoch 3    train auc: 0.5540  acc: 0.5298    eval auc: 0.5207  acc: 0.5269    test auc: 0.5232  acc: 0.5276
epoch 4    train auc: 0.6441  acc: 0.6075    eval auc: 0.5957  acc: 0.5660    test auc: 0.5960  acc: 0.5657
epoch 5    train auc: 0.9497  acc: 0.8778    eval auc: 0.9274  acc: 0.8552    test auc: 0.9285  acc: 0.8559
epoch 6    train auc: 0.9753  acc: 0.9050    eval auc: 0.9630  acc: 0.8862    test auc: 0.9638  acc: 0.8868
epoch 7    train auc: 0.9853  acc: 0.9334    eval auc: 0.9765  acc: 0.9123    test auc: 0.9769  acc: 0.9127
epoch 8    train auc: 0.9890  acc: 0.9456    eval auc: 0.9814  acc: 0.9245    test auc: 0.9818  acc: 0.9254
epoch 9    train auc: 0.9908  acc: 0.9514    eval auc: 0.9837  acc: 0.9305    test auc: 0.9842  acc: 0.9312
运行时间： 217.147686 秒
运行时间： 217147.686 毫秒
reading rating file ...
splitting dataset ...
reading KG file ...
n_entity: 616
n_relation: 5
constructing knowledge graph ...
constructing ripple set ...
epoch 0    train auc: 0.5744  acc: 0.5338    eval auc: 0.5470  acc: 0.5467    test auc: 0.5434  acc: 0.5421
epoch 1    train auc: 0.6963  acc: 0.6508    eval auc: 0.6322  acc: 0.6125    test auc: 0.6313  acc: 0.6099
epoch 2    train auc: 0.8218  acc: 0.7604    eval auc: 0.7737  acc: 0.7301    test auc: 0.7748  acc: 0.7295
epoch 3    train auc: 0.9110  acc: 0.8535    eval auc: 0.8790  acc: 0.8252    test auc: 0.8813  acc: 0.8289
epoch 4    train auc: 0.9546  acc: 0.8797    eval auc: 0.9359  acc: 0.8605    test auc: 0.9369  acc: 0.8626
epoch 5    train auc: 0.9715  acc: 0.8966    eval auc: 0.9603  acc: 0.8813    test auc: 0.9606  acc: 0.8812
epoch 6    train auc: 0.9786  acc: 0.9056    eval auc: 0.9713  acc: 0.8923    test auc: 0.9718  acc: 0.8922
epoch 7    train auc: 0.9823  acc: 0.9138    eval auc: 0.9766  acc: 0.9027    test auc: 0.9775  acc: 0.9029
epoch 8    train auc: 0.9835  acc: 0.9181    eval auc: 0.9782  acc: 0.9057    test auc: 0.9791  acc: 0.9062
epoch 9    train auc: 0.9842  acc: 0.9206    eval auc: 0.9784  acc: 0.9061    test auc: 0.9794  acc: 0.9082
运行时间： 112.630622 秒
运行时间： 112630.622 毫秒
reading rating file ...
splitting dataset ...
reading KG file ...
n_entity: 616
n_relation: 5
constructing knowledge graph ...
constructing ripple set ...
epoch 0    train auc: 0.5017  acc: 0.4997    eval auc: 0.5084  acc: 0.5017    test auc: 0.5074  acc: 0.5038
epoch 1    train auc: 0.5454  acc: 0.5213    eval auc: 0.5111  acc: 0.5020    test auc: 0.5090  acc: 0.5015
epoch 2    train auc: 0.6250  acc: 0.5955    eval auc: 0.5148  acc: 0.5071    test auc: 0.5119  acc: 0.5064
epoch 3    train auc: 0.7112  acc: 0.6527    eval auc: 0.5478  acc: 0.5288    test auc: 0.5470  acc: 0.5283
epoch 4    train auc: 0.8438  acc: 0.7597    eval auc: 0.7374  acc: 0.6857    test auc: 0.7387  acc: 0.6884
epoch 5    train auc: 0.9534  acc: 0.8813    eval auc: 0.9314  acc: 0.8568    test auc: 0.9322  acc: 0.8581
epoch 6    train auc: 0.9748  acc: 0.9074    eval auc: 0.9640  acc: 0.8875    test auc: 0.9644  acc: 0.8896
epoch 7    train auc: 0.9841  acc: 0.9199    eval auc: 0.9765  acc: 0.9020    test auc: 0.9765  acc: 0.9027
epoch 8    train auc: 0.9878  acc: 0.9323    eval auc: 0.9810  acc: 0.9145    test auc: 0.9811  acc: 0.9156
epoch 9    train auc: 0.9905  acc: 0.9445    eval auc: 0.9837  acc: 0.9251    test auc: 0.9837  acc: 0.9244
运行时间： 174.513384 秒
运行时间： 174513.384 毫秒
reading rating file ...
splitting dataset ...
reading KG file ...
n_entity: 616
n_relation: 5
constructing knowledge graph ...
constructing ripple set ...
epoch 0    train auc: 0.4770  acc: 0.4947    eval auc: 0.4689  acc: 0.4652    test auc: 0.4680  acc: 0.4652
epoch 1    train auc: 0.5379  acc: 0.5536    eval auc: 0.5187  acc: 0.5005    test auc: 0.5194  acc: 0.5000
epoch 2    train auc: 0.6767  acc: 0.6675    eval auc: 0.6369  acc: 0.5975    test auc: 0.6374  acc: 0.5965
epoch 3    train auc: 0.8148  acc: 0.7623    eval auc: 0.7724  acc: 0.7097    test auc: 0.7729  acc: 0.7099
epoch 4    train auc: 0.9312  acc: 0.8725    eval auc: 0.9072  acc: 0.8468    test auc: 0.9081  acc: 0.8480
epoch 5    train auc: 0.9683  acc: 0.9009    eval auc: 0.9563  acc: 0.8824    test auc: 0.9570  acc: 0.8842
epoch 6    train auc: 0.9793  acc: 0.9119    eval auc: 0.9714  acc: 0.8966    test auc: 0.9716  acc: 0.8964
epoch 7    train auc: 0.9836  acc: 0.9174    eval auc: 0.9771  acc: 0.9034    test auc: 0.9769  acc: 0.9022
epoch 8    train auc: 0.9854  acc: 0.9239    eval auc: 0.9791  acc: 0.9085    test auc: 0.9792  acc: 0.9082
epoch 9    train auc: 0.9884  acc: 0.9354    eval auc: 0.9823  acc: 0.9185    test auc: 0.9823  acc: 0.9187
运行时间： 243.484965 秒
运行时间： 243484.965 毫秒
reading rating file ...
splitting dataset ...
reading KG file ...
n_entity: 616
n_relation: 5
constructing knowledge graph ...
constructing ripple set ...
epoch 0    train auc: 0.5360  acc: 0.5174    eval auc: 0.5268  acc: 0.5304    test auc: 0.5256  acc: 0.5289
epoch 1    train auc: 0.6002  acc: 0.5684    eval auc: 0.5434  acc: 0.5406    test auc: 0.5420  acc: 0.5419
epoch 2    train auc: 0.6740  acc: 0.6279    eval auc: 0.5746  acc: 0.5450    test auc: 0.5755  acc: 0.5451
epoch 3    train auc: 0.7434  acc: 0.6768    eval auc: 0.6373  acc: 0.5984    test auc: 0.6380  acc: 0.5975
epoch 4    train auc: 0.8314  acc: 0.7526    eval auc: 0.7477  acc: 0.6794    test auc: 0.7489  acc: 0.6811
epoch 5    train auc: 0.9199  acc: 0.8525    eval auc: 0.8893  acc: 0.8111    test auc: 0.8903  acc: 0.8134
epoch 6    train auc: 0.9571  acc: 0.8958    eval auc: 0.9429  acc: 0.8734    test auc: 0.9430  acc: 0.8737
epoch 7    train auc: 0.9734  acc: 0.9160    eval auc: 0.9635  acc: 0.8943    test auc: 0.9636  acc: 0.8954
epoch 8    train auc: 0.9842  acc: 0.9311    eval auc: 0.9762  acc: 0.9091    test auc: 0.9759  acc: 0.9100
epoch 9    train auc: 0.9888  acc: 0.9451    eval auc: 0.9819  acc: 0.9236    test auc: 0.9817  acc: 0.9242
运行时间： 321.00393599999995 秒
运行时间： 321003.9359999999 毫秒
