nohup: ignoring input
reading rating file ...
splitting dataset ...
reading KG file ...
n_entity: 616
n_relation: 5
constructing knowledge graph ...
constructing ripple set ...
epoch 0    train auc: 0.4953  acc: 0.4870    eval auc: 0.4914  acc: 0.5058    test auc: 0.4945  acc: 0.5073
epoch 1    train auc: 0.5872  acc: 0.5979    eval auc: 0.4665  acc: 0.4798    test auc: 0.4685  acc: 0.4818
epoch 2    train auc: 0.6365  acc: 0.6058    eval auc: 0.4486  acc: 0.4634    test auc: 0.4465  acc: 0.4614
epoch 3    train auc: 0.6647  acc: 0.6074    eval auc: 0.4579  acc: 0.4664    test auc: 0.4550  acc: 0.4637
epoch 4    train auc: 0.7080  acc: 0.6242    eval auc: 0.5133  acc: 0.4946    test auc: 0.5128  acc: 0.4933
epoch 5    train auc: 0.8078  acc: 0.7306    eval auc: 0.6918  acc: 0.6361    test auc: 0.6949  acc: 0.6395
epoch 6    train auc: 0.9390  acc: 0.8656    eval auc: 0.9171  acc: 0.8394    test auc: 0.9184  acc: 0.8411
epoch 7    train auc: 0.9722  acc: 0.9026    eval auc: 0.9628  acc: 0.8850    test auc: 0.9632  acc: 0.8856
epoch 8    train auc: 0.9826  acc: 0.9205    eval auc: 0.9770  acc: 0.9058    test auc: 0.9770  acc: 0.9057
epoch 9    train auc: 0.9854  acc: 0.9300    eval auc: 0.9800  acc: 0.9150    test auc: 0.9800  acc: 0.9147
运行时间： 164.756743 秒
运行时间： 164756.743 毫秒
reading rating file ...
splitting dataset ...
reading KG file ...
n_entity: 616
n_relation: 5
constructing knowledge graph ...
constructing ripple set ...
epoch 0    train auc: 0.5285  acc: 0.5239    eval auc: 0.5057  acc: 0.5060    test auc: 0.5024  acc: 0.5038
epoch 1    train auc: 0.6054  acc: 0.5739    eval auc: 0.5370  acc: 0.5175    test auc: 0.5351  acc: 0.5163
epoch 2    train auc: 0.7046  acc: 0.6394    eval auc: 0.6249  acc: 0.5673    test auc: 0.6258  acc: 0.5679
epoch 3    train auc: 0.9213  acc: 0.8520    eval auc: 0.8974  acc: 0.8263    test auc: 0.8988  acc: 0.8262
epoch 4    train auc: 0.9774  acc: 0.9028    eval auc: 0.9710  acc: 0.8919    test auc: 0.9714  acc: 0.8921
epoch 5    train auc: 0.9824  acc: 0.9140    eval auc: 0.9772  acc: 0.9017    test auc: 0.9776  acc: 0.9041
epoch 6    train auc: 0.9831  acc: 0.9166    eval auc: 0.9781  acc: 0.9040    test auc: 0.9783  acc: 0.9050
epoch 7    train auc: 0.9836  acc: 0.9193    eval auc: 0.9787  acc: 0.9053    test auc: 0.9788  acc: 0.9061
epoch 8    train auc: 0.9841  acc: 0.9213    eval auc: 0.9791  acc: 0.9067    test auc: 0.9793  acc: 0.9077
epoch 9    train auc: 0.9849  acc: 0.9249    eval auc: 0.9798  acc: 0.9101    test auc: 0.9799  acc: 0.9111
运行时间： 77.335627 秒
运行时间： 77335.62700000001 毫秒
reading rating file ...
splitting dataset ...
reading KG file ...
n_entity: 616
n_relation: 5
constructing knowledge graph ...
constructing ripple set ...
epoch 0    train auc: 0.4989  acc: 0.5002    eval auc: 0.5138  acc: 0.5072    test auc: 0.5105  acc: 0.5039
epoch 1    train auc: 0.5202  acc: 0.5175    eval auc: 0.5222  acc: 0.5138    test auc: 0.5196  acc: 0.5116
epoch 2    train auc: 0.5759  acc: 0.5591    eval auc: 0.5463  acc: 0.5360    test auc: 0.5469  acc: 0.5354
epoch 3    train auc: 0.7355  acc: 0.6612    eval auc: 0.6630  acc: 0.6055    test auc: 0.6662  acc: 0.6076
epoch 4    train auc: 0.9616  acc: 0.8842    eval auc: 0.9466  acc: 0.8637    test auc: 0.9465  acc: 0.8653
epoch 5    train auc: 0.9806  acc: 0.9088    eval auc: 0.9731  acc: 0.8945    test auc: 0.9730  acc: 0.8960
epoch 6    train auc: 0.9840  acc: 0.9168    eval auc: 0.9782  acc: 0.9029    test auc: 0.9780  acc: 0.9036
epoch 7    train auc: 0.9845  acc: 0.9197    eval auc: 0.9789  acc: 0.9051    test auc: 0.9789  acc: 0.9058
epoch 8    train auc: 0.9850  acc: 0.9224    eval auc: 0.9795  acc: 0.9066    test auc: 0.9797  acc: 0.9083
epoch 9    train auc: 0.9854  acc: 0.9237    eval auc: 0.9799  acc: 0.9088    test auc: 0.9801  acc: 0.9099
运行时间： 114.50334 秒
运行时间： 114503.34 毫秒
reading rating file ...
splitting dataset ...
reading KG file ...
n_entity: 616
n_relation: 5
constructing knowledge graph ...
constructing ripple set ...
epoch 0    train auc: 0.5294  acc: 0.5312    eval auc: 0.5134  acc: 0.4977    test auc: 0.5159  acc: 0.5005
epoch 1    train auc: 0.5533  acc: 0.5488    eval auc: 0.5213  acc: 0.5035    test auc: 0.5254  acc: 0.5052
epoch 2    train auc: 0.6185  acc: 0.5907    eval auc: 0.5512  acc: 0.5285    test auc: 0.5566  acc: 0.5322
epoch 3    train auc: 0.7562  acc: 0.6673    eval auc: 0.6663  acc: 0.6154    test auc: 0.6726  acc: 0.6201
epoch 4    train auc: 0.9428  acc: 0.8705    eval auc: 0.9171  acc: 0.8388    test auc: 0.9198  acc: 0.8405
epoch 5    train auc: 0.9809  acc: 0.9147    eval auc: 0.9726  acc: 0.8984    test auc: 0.9737  acc: 0.8994
epoch 6    train auc: 0.9857  acc: 0.9264    eval auc: 0.9790  acc: 0.9082    test auc: 0.9796  acc: 0.9085
epoch 7    train auc: 0.9872  acc: 0.9316    eval auc: 0.9810  acc: 0.9129    test auc: 0.9812  acc: 0.9130
epoch 8    train auc: 0.9882  acc: 0.9358    eval auc: 0.9817  acc: 0.9154    test auc: 0.9824  acc: 0.9181
epoch 9    train auc: 0.9896  acc: 0.9416    eval auc: 0.9831  acc: 0.9218    test auc: 0.9835  acc: 0.9224
运行时间： 144.899198 秒
运行时间： 144899.198 毫秒
reading rating file ...
splitting dataset ...
reading KG file ...
n_entity: 616
n_relation: 5
constructing knowledge graph ...
constructing ripple set ...
epoch 0    train auc: 0.5059  acc: 0.5117    eval auc: 0.4957  acc: 0.4890    test auc: 0.4954  acc: 0.4884
epoch 1    train auc: 0.5123  acc: 0.5172    eval auc: 0.4937  acc: 0.4852    test auc: 0.4936  acc: 0.4860
epoch 2    train auc: 0.5284  acc: 0.5291    eval auc: 0.4968  acc: 0.4880    test auc: 0.4960  acc: 0.4880
epoch 3    train auc: 0.5775  acc: 0.5602    eval auc: 0.5127  acc: 0.4991    test auc: 0.5110  acc: 0.5024
epoch 4    train auc: 0.7284  acc: 0.6670    eval auc: 0.6355  acc: 0.5886    test auc: 0.6344  acc: 0.5878
epoch 5    train auc: 0.9609  acc: 0.8893    eval auc: 0.9450  acc: 0.8667    test auc: 0.9449  acc: 0.8672
epoch 6    train auc: 0.9803  acc: 0.9078    eval auc: 0.9731  acc: 0.8951    test auc: 0.9730  acc: 0.8945
epoch 7    train auc: 0.9837  acc: 0.9132    eval auc: 0.9778  acc: 0.9006    test auc: 0.9782  acc: 0.9013
epoch 8    train auc: 0.9846  acc: 0.9158    eval auc: 0.9790  acc: 0.9029    test auc: 0.9798  acc: 0.9054
epoch 9    train auc: 0.9848  acc: 0.9191    eval auc: 0.9794  acc: 0.9077    test auc: 0.9800  acc: 0.9076
运行时间： 171.272417 秒
运行时间： 171272.417 毫秒
reading rating file ...
splitting dataset ...
reading KG file ...
n_entity: 616
n_relation: 5
constructing knowledge graph ...
constructing ripple set ...
epoch 0    train auc: 0.4999  acc: 0.4862    eval auc: 0.5032  acc: 0.5249    test auc: 0.5035  acc: 0.5245
epoch 1    train auc: 0.4998  acc: 0.4888    eval auc: 0.5021  acc: 0.5211    test auc: 0.5010  acc: 0.5208
epoch 2    train auc: 0.5005  acc: 0.4915    eval auc: 0.5005  acc: 0.5160    test auc: 0.4995  acc: 0.5162
epoch 3    train auc: 0.5016  acc: 0.4950    eval auc: 0.4985  acc: 0.5100    test auc: 0.4983  acc: 0.5107
epoch 4    train auc: 0.5027  acc: 0.4989    eval auc: 0.4971  acc: 0.5024    test auc: 0.4975  acc: 0.5048
epoch 5    train auc: 0.5047  acc: 0.5042    eval auc: 0.4967  acc: 0.4965    test auc: 0.4969  acc: 0.4977
epoch 6    train auc: 0.5084  acc: 0.5107    eval auc: 0.4985  acc: 0.4922    test auc: 0.4980  acc: 0.4903
epoch 7    train auc: 0.5175  acc: 0.5214    eval auc: 0.5054  acc: 0.4913    test auc: 0.5041  acc: 0.4900
epoch 8    train auc: 0.5576  acc: 0.5572    eval auc: 0.5407  acc: 0.5126    test auc: 0.5382  acc: 0.5120
epoch 9    train auc: 0.9783  acc: 0.9038    eval auc: 0.9717  acc: 0.8918    test auc: 0.9723  acc: 0.8932
运行时间： 195.35589700000003 秒
运行时间： 195355.89700000003 毫秒
reading rating file ...
splitting dataset ...
reading KG file ...
n_entity: 616
n_relation: 5
constructing knowledge graph ...
constructing ripple set ...
epoch 0    train auc: 0.5226  acc: 0.5140    eval auc: 0.4972  acc: 0.5052    test auc: 0.4933  acc: 0.5020
epoch 1    train auc: 0.5332  acc: 0.5322    eval auc: 0.5093  acc: 0.5140    test auc: 0.5040  acc: 0.5088
epoch 2    train auc: 0.5405  acc: 0.5406    eval auc: 0.5157  acc: 0.5187    test auc: 0.5100  acc: 0.5158
epoch 3    train auc: 0.5501  acc: 0.5542    eval auc: 0.5207  acc: 0.5211    test auc: 0.5153  acc: 0.5191
epoch 4    train auc: 0.5683  acc: 0.5827    eval auc: 0.5336  acc: 0.5311    test auc: 0.5286  acc: 0.5289
epoch 5    train auc: 0.6152  acc: 0.6356    eval auc: 0.5765  acc: 0.5717    test auc: 0.5719  acc: 0.5703
epoch 6    train auc: 0.9006  acc: 0.8456    eval auc: 0.8819  acc: 0.8145    test auc: 0.8800  acc: 0.8117
epoch 7    train auc: 0.9828  acc: 0.9273    eval auc: 0.9751  acc: 0.9081    test auc: 0.9750  acc: 0.9081
epoch 8    train auc: 0.9878  acc: 0.9419    eval auc: 0.9810  acc: 0.9218    test auc: 0.9809  acc: 0.9219
epoch 9    train auc: 0.9899  acc: 0.9503    eval auc: 0.9837  acc: 0.9303    test auc: 0.9836  acc: 0.9300
运行时间： 207.319366 秒
运行时间： 207319.366 毫秒
reading rating file ...
splitting dataset ...
reading KG file ...
n_entity: 616
n_relation: 5
constructing knowledge graph ...
constructing ripple set ...
epoch 0    train auc: 0.5131  acc: 0.5072    eval auc: 0.4910  acc: 0.4968    test auc: 0.4879  acc: 0.4939
epoch 1    train auc: 0.5203  acc: 0.5100    eval auc: 0.4932  acc: 0.5031    test auc: 0.4895  acc: 0.5001
epoch 2    train auc: 0.5469  acc: 0.5287    eval auc: 0.4880  acc: 0.5006    test auc: 0.4866  acc: 0.5001
epoch 3    train auc: 0.6024  acc: 0.5762    eval auc: 0.4759  acc: 0.4876    test auc: 0.4776  acc: 0.4894
epoch 4    train auc: 0.6484  acc: 0.6138    eval auc: 0.4762  acc: 0.4921    test auc: 0.4777  acc: 0.4925
epoch 5    train auc: 0.7368  acc: 0.6416    eval auc: 0.6142  acc: 0.5792    test auc: 0.6129  acc: 0.5788
epoch 6    train auc: 0.9435  acc: 0.8799    eval auc: 0.9256  acc: 0.8581    test auc: 0.9261  acc: 0.8576
epoch 7    train auc: 0.9733  acc: 0.9092    eval auc: 0.9623  acc: 0.8927    test auc: 0.9624  acc: 0.8935
epoch 8    train auc: 0.9827  acc: 0.9249    eval auc: 0.9751  acc: 0.9070    test auc: 0.9750  acc: 0.9073
epoch 9    train auc: 0.9884  acc: 0.9406    eval auc: 0.9814  acc: 0.9212    test auc: 0.9815  acc: 0.9211
运行时间： 304.91529299999996 秒
运行时间： 304915.29299999995 毫秒
reading rating file ...
splitting dataset ...
reading KG file ...
n_entity: 616
n_relation: 5
constructing knowledge graph ...
constructing ripple set ...
epoch 0    train auc: 0.5018  acc: 0.4912    eval auc: 0.5110  acc: 0.5182    test auc: 0.5096  acc: 0.5177
epoch 1    train auc: 0.5070  acc: 0.5095    eval auc: 0.5140  acc: 0.5096    test auc: 0.5134  acc: 0.5098
epoch 2    train auc: 0.5116  acc: 0.5147    eval auc: 0.5133  acc: 0.5005    test auc: 0.5117  acc: 0.5006
epoch 3    train auc: 0.5214  acc: 0.5276    eval auc: 0.5148  acc: 0.4970    test auc: 0.5125  acc: 0.4961
epoch 4    train auc: 0.5700  acc: 0.5705    eval auc: 0.5411  acc: 0.5168    test auc: 0.5391  acc: 0.5172
epoch 5    train auc: 0.9541  acc: 0.8793    eval auc: 0.9405  acc: 0.8645    test auc: 0.9410  acc: 0.8636
epoch 6    train auc: 0.9792  acc: 0.9047    eval auc: 0.9732  acc: 0.8922    test auc: 0.9731  acc: 0.8907
epoch 7    train auc: 0.9835  acc: 0.9158    eval auc: 0.9782  acc: 0.9038    test auc: 0.9784  acc: 0.9040
epoch 8    train auc: 0.9848  acc: 0.9186    eval auc: 0.9797  acc: 0.9069    test auc: 0.9800  acc: 0.9078
epoch 9    train auc: 0.9851  acc: 0.9200    eval auc: 0.9800  acc: 0.9077    test auc: 0.9803  acc: 0.9080
运行时间： 250.400326 秒
运行时间： 250400.326 毫秒
reading rating file ...
splitting dataset ...
reading KG file ...
n_entity: 616
n_relation: 5
constructing knowledge graph ...
constructing ripple set ...
epoch 0    train auc: 0.5033  acc: 0.4939    eval auc: 0.4965  acc: 0.5079    test auc: 0.4957  acc: 0.5075
epoch 1    train auc: 0.5093  acc: 0.4901    eval auc: 0.4965  acc: 0.5198    test auc: 0.4958  acc: 0.5169
epoch 2    train auc: 0.5226  acc: 0.4976    eval auc: 0.4905  acc: 0.5217    test auc: 0.4898  acc: 0.5203
epoch 3    train auc: 0.5596  acc: 0.5354    eval auc: 0.4745  acc: 0.5125    test auc: 0.4730  acc: 0.5100
epoch 4    train auc: 0.6337  acc: 0.5709    eval auc: 0.4505  acc: 0.4869    test auc: 0.4484  acc: 0.4832
epoch 5    train auc: 0.7184  acc: 0.6649    eval auc: 0.5039  acc: 0.5367    test auc: 0.5054  acc: 0.5356
epoch 6    train auc: 0.8467  acc: 0.7660    eval auc: 0.7138  acc: 0.6946    test auc: 0.7163  acc: 0.6965
epoch 7    train auc: 0.9680  acc: 0.9017    eval auc: 0.9591  acc: 0.8874    test auc: 0.9589  acc: 0.8873
epoch 8    train auc: 0.9795  acc: 0.9133    eval auc: 0.9720  acc: 0.8994    test auc: 0.9721  acc: 0.9011
epoch 9    train auc: 0.9821  acc: 0.9133    eval auc: 0.9758  acc: 0.9014    test auc: 0.9756  acc: 0.9014
运行时间： 370.80393200000003 秒
运行时间： 370803.93200000003 毫秒
reading rating file ...
splitting dataset ...
reading KG file ...
n_entity: 616
n_relation: 5
constructing knowledge graph ...
constructing ripple set ...
epoch 0    train auc: 0.5454  acc: 0.5288    eval auc: 0.5392  acc: 0.5308    test auc: 0.5409  acc: 0.5312
epoch 1    train auc: 0.6050  acc: 0.5852    eval auc: 0.5576  acc: 0.5454    test auc: 0.5572  acc: 0.5442
epoch 2    train auc: 0.6855  acc: 0.6425    eval auc: 0.5984  acc: 0.5642    test auc: 0.5976  acc: 0.5629
epoch 3    train auc: 0.7658  acc: 0.6911    eval auc: 0.6753  acc: 0.6097    test auc: 0.6751  acc: 0.6078
epoch 4    train auc: 0.8754  acc: 0.7913    eval auc: 0.8339  acc: 0.7473    test auc: 0.8356  acc: 0.7500
epoch 5    train auc: 0.9516  acc: 0.8783    eval auc: 0.9354  acc: 0.8586    test auc: 0.9362  acc: 0.8594
epoch 6    train auc: 0.9745  acc: 0.9033    eval auc: 0.9645  acc: 0.8877    test auc: 0.9651  acc: 0.8892
epoch 7    train auc: 0.9830  acc: 0.9152    eval auc: 0.9758  acc: 0.9007    test auc: 0.9763  acc: 0.9016
epoch 8    train auc: 0.9861  acc: 0.9276    eval auc: 0.9801  acc: 0.9106    test auc: 0.9805  acc: 0.9117
epoch 9    train auc: 0.9876  acc: 0.9334    eval auc: 0.9816  acc: 0.9158    test auc: 0.9821  acc: 0.9173
运行时间： 161.951145 秒
运行时间： 161951.145 毫秒
reading rating file ...
splitting dataset ...
reading KG file ...
n_entity: 616
n_relation: 5
constructing knowledge graph ...
constructing ripple set ...
epoch 0    train auc: 0.6426  acc: 0.6221    eval auc: 0.5662  acc: 0.5570    test auc: 0.5700  acc: 0.5565
epoch 1    train auc: 0.7230  acc: 0.6820    eval auc: 0.6376  acc: 0.5869    test auc: 0.6417  acc: 0.5891
epoch 2    train auc: 0.7976  acc: 0.7422    eval auc: 0.7284  acc: 0.6559    test auc: 0.7311  acc: 0.6571
epoch 3    train auc: 0.8811  acc: 0.8251    eval auc: 0.8322  acc: 0.7671    test auc: 0.8348  acc: 0.7699
epoch 4    train auc: 0.9373  acc: 0.8734    eval auc: 0.9075  acc: 0.8436    test auc: 0.9087  acc: 0.8468
epoch 5    train auc: 0.9634  acc: 0.8900    eval auc: 0.9458  acc: 0.8690    test auc: 0.9459  acc: 0.8710
epoch 6    train auc: 0.9760  acc: 0.9088    eval auc: 0.9652  acc: 0.8912    test auc: 0.9648  acc: 0.8901
epoch 7    train auc: 0.9824  acc: 0.9232    eval auc: 0.9749  acc: 0.9066    test auc: 0.9746  acc: 0.9057
epoch 8    train auc: 0.9852  acc: 0.9335    eval auc: 0.9794  acc: 0.9161    test auc: 0.9791  acc: 0.9164
epoch 9    train auc: 0.9882  acc: 0.9404    eval auc: 0.9824  acc: 0.9220    test auc: 0.9823  acc: 0.9220
运行时间： 274.871978 秒
运行时间： 274871.978 毫秒
reading rating file ...
splitting dataset ...
reading KG file ...
n_entity: 616
n_relation: 5
constructing knowledge graph ...
constructing ripple set ...
epoch 0    train auc: 0.5259  acc: 0.5083    eval auc: 0.5069  acc: 0.5144    test auc: 0.4999  acc: 0.5084
epoch 1    train auc: 0.5807  acc: 0.5455    eval auc: 0.5292  acc: 0.5316    test auc: 0.5275  acc: 0.5294
epoch 2    train auc: 0.6693  acc: 0.6183    eval auc: 0.5467  acc: 0.5489    test auc: 0.5494  acc: 0.5498
epoch 3    train auc: 0.7035  acc: 0.6327    eval auc: 0.5388  acc: 0.5336    test auc: 0.5420  acc: 0.5362
epoch 4    train auc: 0.7473  acc: 0.6676    eval auc: 0.5669  acc: 0.5555    test auc: 0.5709  acc: 0.5598
epoch 5    train auc: 0.8023  acc: 0.7159    eval auc: 0.6528  acc: 0.6203    test auc: 0.6565  acc: 0.6245
epoch 6    train auc: 0.9061  acc: 0.7606    eval auc: 0.8828  acc: 0.7798    test auc: 0.8837  acc: 0.7818
epoch 7    train auc: 0.9715  acc: 0.9027    eval auc: 0.9641  acc: 0.8881    test auc: 0.9639  acc: 0.8882
epoch 8    train auc: 0.9813  acc: 0.9143    eval auc: 0.9758  acc: 0.9009    test auc: 0.9759  acc: 0.9012
epoch 9    train auc: 0.9839  acc: 0.9182    eval auc: 0.9791  acc: 0.9069    test auc: 0.9792  acc: 0.9061
运行时间： 405.990343 秒
运行时间： 405990.343 毫秒
reading rating file ...
splitting dataset ...
reading KG file ...
n_entity: 616
n_relation: 5
constructing knowledge graph ...
constructing ripple set ...
epoch 0    train auc: 0.4790  acc: 0.4883    eval auc: 0.5216  acc: 0.5082    test auc: 0.5169  acc: 0.5045
epoch 1    train auc: 0.4971  acc: 0.4992    eval auc: 0.4895  acc: 0.4886    test auc: 0.4860  acc: 0.4885
epoch 2    train auc: 0.5577  acc: 0.5401    eval auc: 0.4387  acc: 0.4533    test auc: 0.4371  acc: 0.4541
epoch 3    train auc: 0.5957  acc: 0.5608    eval auc: 0.4109  acc: 0.4443    test auc: 0.4105  acc: 0.4445
epoch 4    train auc: 0.6745  acc: 0.6228    eval auc: 0.4294  acc: 0.4739    test auc: 0.4300  acc: 0.4734
epoch 5    train auc: 0.7489  acc: 0.6910    eval auc: 0.4998  acc: 0.5487    test auc: 0.5018  acc: 0.5543
epoch 6    train auc: 0.8953  acc: 0.8428    eval auc: 0.7922  acc: 0.7145    test auc: 0.7941  acc: 0.7167
epoch 7    train auc: 0.9527  acc: 0.8961    eval auc: 0.9271  acc: 0.8667    test auc: 0.9270  acc: 0.8663
epoch 8    train auc: 0.9726  acc: 0.9198    eval auc: 0.9630  acc: 0.9005    test auc: 0.9626  acc: 0.9016
epoch 9    train auc: 0.9813  acc: 0.9351    eval auc: 0.9743  acc: 0.9162    test auc: 0.9745  acc: 0.9165
运行时间： 526.671338 秒
运行时间： 526671.338 毫秒
reading rating file ...
splitting dataset ...
reading KG file ...
n_entity: 616
n_relation: 5
constructing knowledge graph ...
constructing ripple set ...
epoch 0    train auc: 0.5371  acc: 0.5239    eval auc: 0.5318  acc: 0.5263    test auc: 0.5320  acc: 0.5272
epoch 1    train auc: 0.5503  acc: 0.5261    eval auc: 0.5493  acc: 0.5403    test auc: 0.5508  acc: 0.5431
epoch 2    train auc: 0.5646  acc: 0.5354    eval auc: 0.5651  acc: 0.5514    test auc: 0.5672  acc: 0.5519
epoch 3    train auc: 0.5678  acc: 0.5183    eval auc: 0.5583  acc: 0.5386    test auc: 0.5607  acc: 0.5416
epoch 4    train auc: 0.6100  acc: 0.5250    eval auc: 0.5633  acc: 0.5356    test auc: 0.5644  acc: 0.5361
epoch 5    train auc: 0.7331  acc: 0.6515    eval auc: 0.6828  acc: 0.6089    test auc: 0.6819  acc: 0.6080
epoch 6    train auc: 0.8763  acc: 0.7451    eval auc: 0.8497  acc: 0.7442    test auc: 0.8479  acc: 0.7409
epoch 7    train auc: 0.9404  acc: 0.8794    eval auc: 0.9224  acc: 0.8535    test auc: 0.9216  acc: 0.8531
epoch 8    train auc: 0.9626  acc: 0.9003    eval auc: 0.9478  acc: 0.8782    test auc: 0.9478  acc: 0.8774
epoch 9    train auc: 0.9766  acc: 0.9158    eval auc: 0.9653  acc: 0.8962    test auc: 0.9655  acc: 0.8963
运行时间： 644.3535999999999 秒
运行时间： 644353.5999999999 毫秒
